Sep-28 21:05:05.704 [main] DEBUG nextflow.cli.Launcher - $> nextflow run fastp.nf --readsdir /Users/angelangelov/Desktop/ncct/code/DESeq-workflow/testdata/fastq/ --fqpattern '*.fastq'
Sep-28 21:05:05.892 [main] INFO  nextflow.cli.CmdRun - N E X T F L O W  ~  version 19.07.0
Sep-28 21:05:05.904 [main] INFO  nextflow.cli.CmdRun - Launching `fastp.nf` [shrivelled_feynman] - revision: 44159eb8ef
Sep-28 21:05:06.002 [main] DEBUG nextflow.Session - Session uuid: c60bcc3b-412c-4d1d-8a19-65c29b51378d
Sep-28 21:05:06.002 [main] DEBUG nextflow.Session - Run name: shrivelled_feynman
Sep-28 21:05:06.004 [main] DEBUG nextflow.Session - Executor pool size: 8
Sep-28 21:05:06.047 [main] DEBUG nextflow.cli.CmdRun - 
  Version: 19.07.0 build 5106
  Created: 27-07-2019 13:22 UTC (15:22 CEST)
  System: Mac OS X 10.14.6
  Runtime: Groovy 2.5.6 on OpenJDK 64-Bit Server VM 11.0.2+7
  Encoding: UTF-8 (UTF-8)
  Process: 4640@Angels-MBP [192.168.2.107]
  CPUs: 8 - Mem: 8 GB (99.7 MB) - Swap: 2 GB (1.2 GB)
Sep-28 21:05:06.064 [main] DEBUG nextflow.Session - Work-dir: /Users/angelangelov/Desktop/nxf-crg/nf-fastp/work [Mac OS X]
Sep-28 21:05:06.064 [main] DEBUG nextflow.Session - Script base path does not exist or is not a directory: /Users/angelangelov/Desktop/nxf-crg/nf-fastp/bin
Sep-28 21:05:06.183 [main] DEBUG nextflow.Session - Session start invoked
Sep-28 21:05:06.543 [main] DEBUG nextflow.script.ScriptRunner - > Launching execution
Sep-28 21:05:06.559 [main] INFO  nextflow.Nextflow - F A S T P - M U L T I Q C   P I P E L I N E    
===========================================

reads dir        : /Users/angelangelov/Desktop/ncct/code/DESeq-workflow/testdata/fastq/
outdir       : results

Sep-28 21:05:06.591 [PathVisitor-1] DEBUG nextflow.file.PathVisitor - files for syntax: glob; folder: /Users/angelangelov/Desktop/ncct/code/DESeq-workflow/testdata/fastq/; pattern: *.fastq; options: [checkIfExists:true]
Sep-28 21:05:06.725 [main] DEBUG nextflow.executor.ExecutorFactory - << taskConfig executor: null
Sep-28 21:05:06.725 [main] DEBUG nextflow.executor.ExecutorFactory - >> processorType: 'local'
Sep-28 21:05:06.728 [main] DEBUG nextflow.executor.Executor - [warm up] executor > local
Sep-28 21:05:06.732 [main] DEBUG n.processor.LocalPollingMonitor - Creating local task monitor for executor 'local' > cpus=8; memory=8 GB; capacity=8; pollInterval=100ms; dumpInterval=5m
Sep-28 21:05:06.769 [main] DEBUG nextflow.processor.TaskProcessor - Creating operator > fastp -- maxForks: 8
Sep-28 21:05:06.798 [main] DEBUG nextflow.executor.ExecutorFactory - << taskConfig executor: null
Sep-28 21:05:06.798 [main] DEBUG nextflow.executor.ExecutorFactory - >> processorType: 'local'
Sep-28 21:05:06.800 [main] DEBUG nextflow.processor.TaskProcessor - Creating operator > multiqc -- maxForks: 8
Sep-28 21:05:06.829 [main] DEBUG nextflow.script.ScriptRunner - > Await termination 
Sep-28 21:05:06.829 [main] DEBUG nextflow.Session - Session await
Sep-28 21:05:06.830 [main] DEBUG nextflow.Session - Session await > all process finished
Sep-28 21:05:06.840 [main] DEBUG nextflow.Session - Session await > all barriers passed
Sep-28 21:05:06.843 [main] DEBUG nextflow.trace.StatsObserver - Workflow completed > WorkflowStats[succeedCount=0; failedCount=0; ignoredCount=0; cachedCount=0; succeedDuration=0ms; failedDuration=0ms; cachedDuration=0ms]
Sep-28 21:05:07.041 [main] DEBUG nextflow.CacheDB - Closing CacheDB done
Sep-28 21:05:07.084 [main] DEBUG nextflow.script.ScriptRunner - > Execution complete -- Goodbye
